#
# A fatal error has been detected by the Java Runtime Environment:
#
#  Internal Error (javaClasses.cpp:129), pid=2696, tid=5244
#  fatal error: Invalid layout of preloaded class
#
# JRE version: 7.0_25-b16
# Java VM: Java HotSpot(TM) Client VM (23.25-b01 mixed mode windows-x86 )
# Failed to write core dump. Minidumps are not enabled by default on client versions of Windows
#
# If you would like to submit a bug report, please visit:
#   http://bugreport.sun.com/bugreport/crash.jsp
#

---------------  T H R E A D  ---------------

Current thread (0x0013b000):  JavaThread "Unknown thread" [_thread_in_vm, id=5244, stack(0x011a0000,0x011f0000)]

Stack: [0x011a0000,0x011f0000],  sp=0x011ef908,  free space=318k
Native frames: (J=compiled Java code, j=interpreted, Vv=VM code, C=native code)
V  [jvm.dll+0x167e31]
V  [jvm.dll+0x1620f6]
V  [jvm.dll+0x1f92f]
V  [jvm.dll+0x1f9b6]
V  [jvm.dll+0x2cffd]
V  [jvm.dll+0x2d2a9]
V  [jvm.dll+0x75351]
V  [jvm.dll+0x7570b]
V  [jvm.dll+0x123881]
V  [jvm.dll+0x1439cc]
V  [jvm.dll+0xa619f]
C  [javaw.exe+0x13ca]
C  [javaw.exe+0x1e3c]
C  [javaw.exe+0xa5b1]
C  [javaw.exe+0xa63b]
C  [kernel32.dll+0x51174]  BaseThreadInitThunk+0x12
C  [ntdll.dll+0x5b3f5]  RtlInitializeExceptionChain+0x63
C  [ntdll.dll+0x5b3c8]  RtlInitializeExceptionChain+0x36


---------------  P R O C E S S  ---------------

Java Threads: ( => current thread )

Other Threads:

=>0x0013b000 (exited) JavaThread "Unknown thread" [_thread_in_vm, id=5244, stack(0x011a0000,0x011f0000)]

VM state:not at safepoint (not fully initialized)

VM Mutex/Monitor currently owned by a thread: None

GC Heap History (0 events):
No events

Deoptimization events (0 events):
No events

Internal exceptions (0 events):
No events

Events (10 events):
Event: 1.564 loading class 0x01646648 done
Event: 1.564 loading class 0x0013f838 done
Event: 1.564 loading class 0x0013f810
Event: 1.565 loading class 0x016bd250
Event: 1.565 loading class 0x016bd250 done
Event: 1.565 loading class 0x016bd288
Event: 1.565 loading class 0x016bd288 done
Event: 1.565 loading class 0x016b1c20
Event: 1.565 loading class 0x016b1c20 done
Event: 1.565 loading class 0x0013f810 done


Dynamic libraries:
0x01160000 - 0x0118f000 	C:\Program Files\Java\jre7\bin\javaw.exe
0x76fd0000 - 0x7710c000 	C:\Windows\SYSTEM32\ntdll.dll
0x76ef0000 - 0x76fc4000 	C:\Windows\system32\kernel32.dll
0x751a0000 - 0x751ea000 	C:\Windows\system32\KERNELBASE.dll
0x75950000 - 0x759f0000 	C:\Windows\system32\ADVAPI32.dll
0x76bb0000 - 0x76c5c000 	C:\Windows\system32\msvcrt.dll
0x77140000 - 0x77159000 	C:\Windows\SYSTEM32\sechost.dll
0x76b00000 - 0x76ba1000 	C:\Windows\system32\RPCRT4.dll
0x75620000 - 0x756e9000 	C:\Windows\system32\USER32.dll
0x759f0000 - 0x75a3e000 	C:\Windows\system32\GDI32.dll
0x754b0000 - 0x754ba000 	C:\Windows\system32\LPK.dll
0x75c10000 - 0x75cad000 	C:\Windows\system32\USP10.dll
0x741c0000 - 0x7435e000 	C:\Windows\WinSxS\x86_microsoft.windows.common-controls_6595b64144ccf1df_6.0.7600.16385_none_421189da2b7fabfc\COMCTL32.dll
0x756f0000 - 0x75747000 	C:\Windows\system32\SHLWAPI.dll
0x75480000 - 0x7549f000 	C:\Windows\system32\IMM32.DLL
0x76e20000 - 0x76eec000 	C:\Windows\system32\MSCTF.dll
0x77290000 - 0x7734e000 	C:\Program Files\Java\jre7\bin\msvcr100.dll
0x619c0000 - 0x61d02000 	C:\Program Files\Java\jre7\bin\client\jvm.dll
0x6f750000 - 0x6f757000 	C:\Windows\system32\WSOCK32.dll
0x75b40000 - 0x75b75000 	C:\Windows\system32\WS2_32.dll
0x754a0000 - 0x754a6000 	C:\Windows\system32\NSI.dll
0x73620000 - 0x73652000 	C:\Windows\system32\WINMM.dll
0x75470000 - 0x75475000 	C:\Windows\system32\PSAPI.DLL
0x738a0000 - 0x738ac000 	C:\Program Files\Java\jre7\bin\verify.dll
0x729b0000 - 0x729d0000 	C:\Program Files\Java\jre7\bin\java.dll
0x73130000 - 0x73143000 	C:\Program Files\Java\jre7\bin\zip.dll
0x70c90000 - 0x70d7b000 	C:\Windows\system32\dbghelp.dll

VM Arguments:
jvm_args: -Dfile.encoding=Cp1252 -Xbootclasspath:D:\Purnendu\D Drive\adt-bundle-windows-x86-20140702_2\adt-bundle-windows-x86-20140702\sdk\platforms\android-4.2.2\android.jar 
java_command: com.wpits.parser.LoginParser
Launcher Type: SUN_STANDARD

Environment Variables:
PATH=C:/Program Files/Java/jre7/bin/client;C:/Program Files/Java/jre7/bin;C:/Program Files/Java/jre7/lib/i386;C:\Windows\system32;C:\Windows;C:\Windows\System32\Wbem;C:\Windows\System32\WindowsPowerShell\v1.0\;C:\Program Files\MySQL\MySQL Server 5.1\bin;D:\adt-bundle-windows-x86-20140702_2\adt-bundle-windows-x86-20140702\eclipse;
USERNAME=WPITSERVICES
OS=Windows_NT
PROCESSOR_IDENTIFIER=x86 Family 6 Model 58 Stepping 9, GenuineIntel



---------------  S Y S T E M  ---------------

OS: Windows 7 Build 7600 

CPU:total 2 (2 cores per cpu, 1 threads per core) family 6 model 58 stepping 9, cmov, cx8, fxsr, mmx, sse, sse2, sse3, ssse3, sse4.1, sse4.2, popcnt, tsc, tscinvbit, tscinv

Memory: 4k page, physical 3494892k(854020k free), swap 6988020k(1976204k free)

vm_info: Java HotSpot(TM) Client VM (23.25-b01) for windows-x86 JRE (1.7.0_25-b16), built on Jun 12 2013 20:29:09 by "java_re" with unknown MS VC++:1600

time: Mon Sep 07 16:13:46 2015
elapsed time: 1 seconds

