#
# A fatal error has been detected by the Java Runtime Environment:
#
#  Internal Error (javaClasses.cpp:136), pid=5740, tid=6240
#  fatal error: Invalid layout of preloaded class
#
# JRE version:  (7.0_79-b15) (build )
# Java VM: Java HotSpot(TM) Client VM (24.79-b02 mixed mode windows-x86 )
# Failed to write core dump. Minidumps are not enabled by default on client versions of Windows
#
# If you would like to submit a bug report, please visit:
#   http://bugreport.java.com/bugreport/crash.jsp
#

---------------  T H R E A D  ---------------

Current thread (0x01b9c800):  JavaThread "Unknown thread" [_thread_in_vm, id=6240, stack(0x021d0000,0x02220000)]

Stack: [0x021d0000,0x02220000],  sp=0x0221f8d8,  free space=318k
Native frames: (J=compiled Java code, j=interpreted, Vv=VM code, C=native code)
V  [jvm.dll+0x191db4]
V  [jvm.dll+0x18b436]
V  [jvm.dll+0x35d20]
V  [jvm.dll+0x35da6]
V  [jvm.dll+0x4468d]
V  [jvm.dll+0x4494e]
V  [jvm.dll+0x9397a]
V  [jvm.dll+0x93d2b]
V  [jvm.dll+0x140c91]
V  [jvm.dll+0x1638bc]
V  [jvm.dll+0xca8bf]
C  [javaw.exe+0x13ce]
C  [javaw.exe+0x1e40]
C  [javaw.exe+0xa601]
C  [javaw.exe+0xa68b]
C  [kernel32.dll+0x13677]
C  [ntdll.dll+0x39d72]
C  [ntdll.dll+0x39d45]


---------------  P R O C E S S  ---------------

Java Threads: ( => current thread )

Other Threads:

=>0x01b9c800 (exited) JavaThread "Unknown thread" [_thread_in_vm, id=6240, stack(0x021d0000,0x02220000)]

VM state:not at safepoint (not fully initialized)

VM Mutex/Monitor currently owned by a thread: None

GC Heap History (0 events):
No events

Deoptimization events (0 events):
No events

Internal exceptions (0 events):
No events

Events (10 events):
Event: 0.011 loading class 0x02049d30 done
Event: 0.012 loading class 0x020497a0 done
Event: 0.012 loading class 0x02049780
Event: 0.012 loading class 0x02050b50
Event: 0.012 loading class 0x02050b50 done
Event: 0.012 loading class 0x02050b80
Event: 0.012 loading class 0x02050b80 done
Event: 0.012 loading class 0x02050bb0
Event: 0.012 loading class 0x02050bb0 done
Event: 0.012 loading class 0x02049780 done


Dynamic libraries:
0x00020000 - 0x0004f000 	C:\Program Files (x86)\Java\jre7\bin\javaw.exe
0x76eb0000 - 0x77030000 	C:\Windows\SysWOW64\ntdll.dll
0x76300000 - 0x76400000 	C:\Windows\syswow64\kernel32.dll
0x76540000 - 0x76586000 	C:\Windows\syswow64\KERNELBASE.dll
0x76590000 - 0x76630000 	C:\Windows\syswow64\ADVAPI32.dll
0x761c0000 - 0x7626c000 	C:\Windows\syswow64\msvcrt.dll
0x76490000 - 0x764a9000 	C:\Windows\SysWOW64\sechost.dll
0x76800000 - 0x768f0000 	C:\Windows\syswow64\RPCRT4.dll
0x74a20000 - 0x74a80000 	C:\Windows\syswow64\SspiCli.dll
0x74a10000 - 0x74a1c000 	C:\Windows\syswow64\CRYPTBASE.dll
0x75af0000 - 0x75bf0000 	C:\Windows\syswow64\USER32.dll
0x76270000 - 0x76300000 	C:\Windows\syswow64\GDI32.dll
0x76e80000 - 0x76e8a000 	C:\Windows\syswow64\LPK.dll
0x75bf0000 - 0x75c8d000 	C:\Windows\syswow64\USP10.dll
0x719e0000 - 0x71b7e000 	C:\Windows\WinSxS\x86_microsoft.windows.common-controls_6595b64144ccf1df_6.0.7600.16385_none_421189da2b7fabfc\COMCTL32.dll
0x75960000 - 0x759b7000 	C:\Windows\syswow64\SHLWAPI.dll
0x76660000 - 0x766c0000 	C:\Windows\system32\IMM32.DLL
0x75c90000 - 0x75d5c000 	C:\Windows\syswow64\MSCTF.dll
0x68270000 - 0x6832f000 	C:\Program Files (x86)\Java\jre7\bin\msvcr100.dll
0x66810000 - 0x66b99000 	C:\Program Files (x86)\Java\jre7\bin\client\jvm.dll
0x72d20000 - 0x72d27000 	C:\Windows\system32\WSOCK32.dll
0x76450000 - 0x76485000 	C:\Windows\syswow64\WS2_32.dll
0x75df0000 - 0x75df6000 	C:\Windows\syswow64\NSI.dll
0x73ef0000 - 0x73f22000 	C:\Windows\system32\WINMM.dll
0x759c0000 - 0x759c5000 	C:\Windows\syswow64\PSAPI.DLL
0x683e0000 - 0x683ec000 	C:\Program Files (x86)\Java\jre7\bin\verify.dll
0x683c0000 - 0x683e0000 	C:\Program Files (x86)\Java\jre7\bin\java.dll
0x683a0000 - 0x683b3000 	C:\Program Files (x86)\Java\jre7\bin\zip.dll
0x5c9f0000 - 0x5cadb000 	C:\Windows\system32\dbghelp.dll

VM Arguments:
jvm_args: -Dfile.encoding=Cp1252 -Xbootclasspath:E:\adt-bundle-windows-x86-20140702_2\adt-bundle-windows-x86-20140702\sdk\platforms\android-21\android.jar 
java_command: com.wpits.utils.test
Launcher Type: SUN_STANDARD

Environment Variables:
JAVA_HOME=C:\Program Files\Java\jdk1.7.0_25
JRE_HOME=C:\Program Files\Java\jre7
CLASSPATH=C:\Program Files\Java\jdk1.7.0_25\bin;C:\Program Files\Java\jre7\bin;F:\apache-tomcat-7.0.64\lib
PATH=C:/Program Files (x86)/Java/jre7/bin/client;C:/Program Files (x86)/Java/jre7/bin;C:/Program Files (x86)/Java/jre7/lib/i386;C:\Windows\system32;C:\Windows;C:\Windows\System32\Wbem;C:\Windows\System32\WindowsPowerShell\v1.0\;C:\Program Files (x86)\MySQL\MySQL Server 5.1\bin;C:\Program Files (x86)\nodejs\;C:\Program Files\Lenovo Fingerprint Reader\;C:\Program Files\Lenovo Fingerprint Reader\x86\;C:\Users\Purnendu\AppData\Roaming\npm;F:\adt-bundle-windows-x86-20140702_2\adt-bundle-windows-x86-20140702\eclipse;
USERNAME=Purnendu
OS=Windows_NT
PROCESSOR_IDENTIFIER=Intel64 Family 6 Model 42 Stepping 7, GenuineIntel



---------------  S Y S T E M  ---------------

OS: Windows 7 , 64 bit Build 7600 

CPU:total 4 (2 cores per cpu, 2 threads per core) family 6 model 42 stepping 7, cmov, cx8, fxsr, mmx, sse, sse2, sse3, ssse3, sse4.1, sse4.2, popcnt, ht, tsc, tscinvbit

Memory: 4k page, physical 3773936k(513232k free), swap 7545976k(1741256k free)

vm_info: Java HotSpot(TM) Client VM (24.79-b02) for windows-x86 JRE (1.7.0_79-b15), built on Apr 10 2015 16:49:13 by "java_re" with unknown MS VC++:1600

time: Wed Apr 20 16:14:54 2016
elapsed time: 0 seconds

